New log file opened at Mon Sep 18 15:02:44 CST 2017 by 13848@USER-20160226NZ
Taking next connection to: 13599
New client attempting to connect on port: 13600-13599
  Address = /10.0.75.1:13599
This client on port 13600 has uuid ebba4d96-a0a8-46ee-919c-a302bdbac1ce configName play-fork-run humanReadableName Play Fork Run protocolVersion 1 featureTags Vector()
Connected Clients: play-fork-run-ebba4d96-a0a8-46ee-919c-a302bdbac1ce
Taking next connection to: 13599
Checking to see if clients are empty...
We have 1 non-daemon clients, continuing serving connections.
Taking next connection to: 13599
New client attempting to connect on port: 13752-13599
  Address = /10.0.75.1:13599
Handshake exception on socket: 13752
sbt.impl.ipc.HandshakeException: Unable to perform handshake
	at sbt.impl.ipc.Peer.handshake(IPC.scala:46)
	at sbt.impl.ipc.MultiClientServer.<init>(IPC.scala:150)
	at sbt.server.SbtServerSocketHandler$$anon$1.run(SbtServerSocketHandler.scala:43)
Caused by: java.net.SocketException: Software caused connection abort: recv failed
	at java.net.SocketInputStream.socketRead0(Native Method)
	at java.net.SocketInputStream.socketRead(SocketInputStream.java:116)
	at java.net.SocketInputStream.read(SocketInputStream.java:170)
	at java.net.SocketInputStream.read(SocketInputStream.java:141)
	at java.io.BufferedInputStream.fill(BufferedInputStream.java:246)
	at java.io.BufferedInputStream.read(BufferedInputStream.java:265)
	at java.io.DataInputStream.readInt(DataInputStream.java:387)
	at sbt.impl.ipc.Peer.receive(IPC.scala:95)
	at sbt.impl.ipc.Peer.handshake(IPC.scala:49)
	... 2 more
Taking next connection to: 13599
New client attempting to connect on port: 13753-13599
  Address = /10.0.75.1:13599
This client on port 13753 has uuid 131798cc-27ec-4121-8e43-17daaccabb70 configName play-fork-run humanReadableName Play Fork Run protocolVersion 1 featureTags Vector()
Connected Clients: play-fork-run-ebba4d96-a0a8-46ee-919c-a302bdbac1ce, play-fork-run-131798cc-27ec-4121-8e43-17daaccabb70
Taking next connection to: 13599
Checking to see if clients are empty...
No non-daemon clients connected after 3 min. Shutting down.
Server socket thread exiting.
0 clients open, will close them...
All client sockets have been closed.
Closing the 13848@USER-20160226NZ logs at Mon Sep 18 15:09:52 CST 2017, goodbye.
